2019-04-17 11:11:03.826 ERROR Server: {"Status":404, "Msg":"Not Found", "Entity":"tony"} CAUSE: tony
2019-04-17 11:11:03.861 ERROR Server: {"Status":404, "Msg":"Not Found", "Entity":"stuart.fred"} CAUSE: stuart.fred
2019-04-17 11:11:03.869 INFO  Server: listFilesBase: user:stuart loc: original path:lg 001 encPath:bGcgMDAx
2019-04-17 11:11:03.887 INFO  Server: listFilesBase: user:null loc: logs path:null encPath:null
2019-04-17 11:11:03.974 INFO  Server: CMD:CURRENT_DIR: C:\Users\stuar\git\PiServerSpringBoot\data\scripts
2019-04-17 11:11:04.025 INFO  Server: CMD:OUT:cmd.exe /c diskStatus.bat data/cache --> Q0:diskStatus.bat
2019-04-17 11:11:04.026 INFO  Server: CMD:OUT:cmd.exe /c diskStatus.bat data/cache --> Q1:data/cache 
2019-04-17 11:11:04.027 INFO  Server: CMD:OUT:cmd.exe /c diskStatus.bat data/cache --> Q2: 
2019-04-17 11:11:04.027 INFO  Server: CMD:OUT:cmd.exe /c diskStatus.bat data/cache --> Q3:
2019-04-17 11:11:04.031 INFO  Server: CMD:OUT:cmd.exe /c diskStatus.bat data/cache --> C:\Users\stuar\AppData\Local\Temp\DiskStatus30726.txt
2019-04-17 11:11:04.055 INFO  Server: CMD:OUT:cmd.exe /c diskStatus.bat data/cache --> {start}
2019-04-17 11:11:04.363 INFO  Server: CMD:OUT:cmd.exe /c diskStatus.bat data/cache --> [{"name":"/dev/sda:","state":"standby"},{"name":"/dev/sdb:","state":"active/idle"}]
2019-04-17 11:11:04.393 INFO  Server: CMD:OUT:cmd.exe /c diskStatus.bat data/cache --> {end}
2019-04-17 11:11:04.925 INFO  Server: CMD:EXIT: Code=0
2019-04-17 11:11:04.945 INFO  Server: CMD:CURRENT_DIR: C:\Users\stuar\git\PiServerSpringBoot\data\scripts
2019-04-17 11:11:05.020 ERROR Server: CMD:ERR:cmd.exe /c notScript.bat  ../ --> 'notScript.bat' is not recognized as an internal or external command,
2019-04-17 11:11:05.020 ERROR Server: CMD:ERR:cmd.exe /c notScript.bat  ../ --> operable program or batch file.
2019-04-17 11:11:05.021 INFO  Server: CMD:EXIT: Code=1
2019-04-17 11:11:05.022 ERROR Server: {"Status":424, "Msg":"Failed Dependency", "Entity":"Function 'notScript' returned code 1. Min value is 0"} CAUSE: Function 'notScript' returned code 1. Min value is 0
2019-04-17 11:11:05.030 INFO  Server: CMD:CURRENT_DIR: C:\Users\stuar\git\PiServerSpringBoot\data\scripts
2019-04-17 11:11:05.083 INFO  Server: CMD:OUT:cmd.exe /c returnCode.bat 9 --> Q0:returnCode.bat
2019-04-17 11:11:05.084 INFO  Server: CMD:OUT:cmd.exe /c returnCode.bat 9 --> Q1:9 
2019-04-17 11:11:05.084 INFO  Server: CMD:OUT:cmd.exe /c returnCode.bat 9 --> Q2: 
2019-04-17 11:11:05.084 INFO  Server: CMD:OUT:cmd.exe /c returnCode.bat 9 --> Q3:
2019-04-17 11:11:05.086 INFO  Server: CMD:OUT:cmd.exe /c returnCode.bat 9 --> {start}
2019-04-17 11:11:05.090 INFO  Server: CMD:EXIT: Code=9
2019-04-17 11:11:05.097 ERROR Server: {"Status":424, "Msg":"Failed Dependency", "Entity":"Function 'xxx' is not defined"} CAUSE: Function 'xxx' is not defined
2019-04-17 11:11:05.103 ERROR Server: {"Status":424, "Msg":"Failed Dependency", "Entity":"Function 'notImplemented'. Method 'notImplemented' is not implemented"} CAUSE: Function 'notImplemented'. Method 'notImplemented' is not implemented
2019-04-17 11:11:05.216 INFO  Server: fileReadUserLocationBase: user:[null] loc:[cache] path:[null] encPath:[null] name:[userFileSizes.json] encName:[ufs]
2019-04-17 11:11:05.602 INFO  Server: fileReadUserLocationBase: user:[stuart] loc:[data] path:[null] encPath:[null] name:[state.json] encName:[state.json]
2019-04-17 11:11:05.633 INFO  Server: fileReadUserLocationBase: user:[stuart] loc:[data] path:[null] encPath:[null] name:[state.json] encName:[state.json]
