2019-04-25 11:36:24.723 ERROR Server: {"Status":404, "Msg":"Not Found", "Entity":"tony"} CAUSE: tony
2019-04-25 11:36:24.764 ERROR Server: {"Status":404, "Msg":"Not Found", "Entity":"stuart.fred"} CAUSE: stuart.fred
2019-04-25 11:36:24.775 INFO  Server: listFilesBase: user:stuart loc: original path:lg 001 encPath:bGcgMDAx
2019-04-25 11:36:24.793 INFO  Server: listFilesBase: user:null loc: logs path:null encPath:null
2019-04-25 11:36:24.804 INFO  Server: fileReadUserLocationBase: user:[null] loc:[logs] path:[null] encPath:[null] name:[TestLog.log] encName:[VGVzdExvZy5sb2c=]
2019-04-25 11:36:24.815 INFO  Server: fileReadUserLocationBase: user:[stuart] loc:[original] path:[lg 001] encPath:[bGcgMDAx] name:[2006_08_22_15_53_15_22082006010.jpg.jpg] encName:[MjAwNl8wOF8yMl8xNV81M18xNV8yMjA4MjAwNjAxMC5qcGcuanBn]
2019-04-25 11:36:24.818 INFO  Server: fileReadUserLocationBase: finalName:[22082006010.jpg]
2019-04-25 11:36:24.878 INFO  Server: fileReadUserLocationBase: user:[stuart] loc:[original] path:[lg 001] encPath:[bGcgMDAx] name:[2006_08_22_15_53_15_22082006010.jpg.jpg] encName:[MjAwNl8wOF8yMl8xNV81M18xNV8yMjA4MjAwNjAxMC5qcGcuanBn]
2019-04-25 11:36:24.878 INFO  Server: fileReadUserLocationBase: finalName:[22082006010.jpg]
2019-04-25 11:36:24.916 INFO  Server: fileReadUserLocationBase: user:[stuart] loc:[original] path:[lg 001] encPath:[bGcgMDAx] name:[2006_08_22_15_53_15_22082006010.jpg.jpg] encName:[MjAwNl8wOF8yMl8xNV81M18xNV8yMjA4MjAwNjAxMC5qcGcuanBn]
2019-04-25 11:36:24.916 INFO  Server: fileReadUserLocationBase: finalName:[22082006010.jpg]
2019-04-25 11:36:24.960 INFO  Server: listFilesBase: user:stuart loc: original path:lg 001 encPath:bGcgMDAx
2019-04-25 11:36:24.964 INFO  Server: listFilesBase: user:stuart loc: thumbs path:lg 001 encPath:bGcgMDAx
2019-04-25 11:36:24.970 INFO  Server: listFilesBase: user:stuart loc: thumbs path:lg 001 encPath:bGcgMDAx
2019-04-25 11:36:24.973 INFO  Server: listFilesBase: user:stuart loc: original path:lg 001 encPath:bGcgMDAx
2019-04-25 11:36:25.022 INFO  Server: CMD:SCRIPT DIR: C:\Users\stuar\git\PiServerSpringBoot\data\scripts
2019-04-25 11:36:25.063 INFO  Server: CMD:OUT:cmd.exe /c diskStatus.bat data/cache --> Q0:diskStatus.bat
2019-04-25 11:36:25.063 INFO  Server: CMD:OUT:cmd.exe /c diskStatus.bat data/cache --> Q1:data/cache 
2019-04-25 11:36:25.063 INFO  Server: CMD:OUT:cmd.exe /c diskStatus.bat data/cache --> Q2: 
2019-04-25 11:36:25.064 INFO  Server: CMD:OUT:cmd.exe /c diskStatus.bat data/cache --> Q3:
2019-04-25 11:36:25.066 INFO  Server: CMD:OUT:cmd.exe /c diskStatus.bat data/cache --> C:\Users\stuar\AppData\Local\Temp\DiskStatus31869.txt
2019-04-25 11:36:25.080 INFO  Server: CMD:OUT:cmd.exe /c diskStatus.bat data/cache --> {start}
2019-04-25 11:36:25.189 INFO  Server: CMD:OUT:cmd.exe /c diskStatus.bat data/cache --> [{"name":"/dev/sda:","state":"standby"},{"name":"/dev/sdb:","state":"active/idle"}]
2019-04-25 11:36:25.201 INFO  Server: CMD:OUT:cmd.exe /c diskStatus.bat data/cache --> {end}
2019-04-25 11:36:25.204 INFO  Server: CMD:EXIT: Code=0
2019-04-25 11:36:25.213 INFO  Server: CMD:SCRIPT DIR: C:\Users\stuar\git\PiServerSpringBoot\data\scripts
2019-04-25 11:36:25.255 ERROR Server: CMD:ERR:cmd.exe /c notScript.bat  ../ --> 'notScript.bat' is not recognized as an internal or external command,
2019-04-25 11:36:25.255 ERROR Server: CMD:ERR:cmd.exe /c notScript.bat  ../ --> operable program or batch file.
2019-04-25 11:36:25.257 INFO  Server: CMD:EXIT: Code=1
2019-04-25 11:36:25.257 ERROR Server: {"Status":424, "Msg":"Failed Dependency", "Entity":"Function 'notScript' returned code 1. Min value is 0"} CAUSE: Function 'notScript' returned code 1. Min value is 0
2019-04-25 11:36:25.264 INFO  Server: CMD:SCRIPT DIR: C:\Users\stuar\git\PiServerSpringBoot\data\scripts
2019-04-25 11:36:25.304 INFO  Server: CMD:OUT:cmd.exe /c returnCode.bat 9 --> Q0:returnCode.bat
2019-04-25 11:36:25.304 INFO  Server: CMD:OUT:cmd.exe /c returnCode.bat 9 --> Q1:9 
2019-04-25 11:36:25.305 INFO  Server: CMD:OUT:cmd.exe /c returnCode.bat 9 --> Q2: 
2019-04-25 11:36:25.305 INFO  Server: CMD:OUT:cmd.exe /c returnCode.bat 9 --> Q3:
2019-04-25 11:36:25.306 INFO  Server: CMD:OUT:cmd.exe /c returnCode.bat 9 --> {start}
2019-04-25 11:36:25.308 INFO  Server: CMD:EXIT: Code=9
2019-04-25 11:36:25.315 ERROR Server: {"Status":424, "Msg":"Failed Dependency", "Entity":"Function 'xxx' is not defined"} CAUSE: Function 'xxx' is not defined
2019-04-25 11:36:25.323 ERROR Server: {"Status":424, "Msg":"Failed Dependency", "Entity":"Script ID'notImplemented'. Method 'notImplemented' is not implemented"} CAUSE: Script ID'notImplemented'. Method 'notImplemented' is not implemented
2019-04-25 11:36:25.350 INFO  Server: fileReadUserLocationBase: user:[null] loc:[cache] path:[null] encPath:[null] name:[userFileSizes.json] encName:[ufs]
2019-04-25 11:36:25.604 INFO  Server: fileReadUserLocationBase: user:[stuart] loc:[data] path:[null] encPath:[null] name:[state.json] encName:[state.json]
2019-04-25 11:36:25.623 INFO  Server: fileReadUserLocationBase: user:[stuart] loc:[data] path:[null] encPath:[null] name:[state.json] encName:[state.json]
